# JRE version: OpenJDK Runtime Environment (8.0_91-b14) (build 1.8.0_91-b14)
# Java VM: OpenJDK 64-Bit Server VM (25.91-b14 mixed mode linux-amd64 compressed oops)
Heap:
 PSYoungGen      total 210944K, used 0K [0x00000000ecb00000, 0x0000000100000000, 0x0000000100000000)
  eden space 105472K, 0% used [0x00000000ecb00000,0x00000000ecb00000,0x00000000f3200000)
  from space 105472K, 0% used [0x00000000f3200000,0x00000000f3200000,0x00000000f9900000)
  to   space 105472K, 0% used [0x00000000f9900000,0x00000000f9900000,0x0000000100000000)
 ParOldGen       total 459264K, used 446405K [0x00000000c6000000, 0x00000000e2080000, 0x00000000ecb00000)
  object space 459264K, 97% used [0x00000000c6000000,0x00000000e13f1408,0x00000000e2080000)
 Metaspace       used 21110K, capacity 21444K, committed 21632K, reserved 1069056K
  class space    used 2494K, capacity 2584K, committed 2688K, reserved 1048576K
GC Heap History (10 events):
Event: 28,360 GC heap after
Heap after GC invocations=14 (full 4):
 PSYoungGen      total 206848K, used 101344K [0x00000000ecb00000, 0x0000000100000000, 0x0000000100000000)
  eden space 105472K, 0% used [0x00000000ecb00000,0x00000000ecb00000,0x00000000f3200000)
  from space 101376K, 99% used [0x00000000f9d00000,0x00000000ffff8040,0x0000000100000000)
  to   space 105472K, 0% used [0x00000000f3200000,0x00000000f3200000,0x00000000f9900000)
 ParOldGen       total 311808K, used 208226K [0x00000000c6000000, 0x00000000d9080000, 0x00000000ecb00000)
  object space 311808K, 66% used [0x00000000c6000000,0x00000000d2b58860,0x00000000d9080000)
 Metaspace       used 21110K, capacity 21444K, committed 21632K, reserved 1069056K
  class space    used 2494K, capacity 2584K, committed 2688K, reserved 1048576K
}
Event: 28,929 GC heap before
{Heap before GC invocations=15 (full 4):
 PSYoungGen      total 206848K, used 206816K [0x00000000ecb00000, 0x0000000100000000, 0x0000000100000000)
  eden space 105472K, 100% used [0x00000000ecb00000,0x00000000f3200000,0x00000000f3200000)
  from space 101376K, 99% used [0x00000000f9d00000,0x00000000ffff8040,0x0000000100000000)
  to   space 105472K, 0% used [0x00000000f3200000,0x00000000f3200000,0x00000000f9900000)
 ParOldGen       total 311808K, used 208226K [0x00000000c6000000, 0x00000000d9080000, 0x00000000ecb00000)
  object space 311808K, 66% used [0x00000000c6000000,0x00000000d2b58860,0x00000000d9080000)
 Metaspace       used 21110K, capacity 21444K, committed 21632K, reserved 1069056K
  class space    used 2494K, capacity 2584K, committed 2688K, reserved 1048576K
Event: 29,854 GC heap after
Heap after GC invocations=15 (full 4):
 PSYoungGen      total 210944K, used 49856K [0x00000000ecb00000, 0x0000000100000000, 0x0000000100000000)
  eden space 105472K, 0% used [0x00000000ecb00000,0x00000000ecb00000,0x00000000f3200000)
  from space 105472K, 47% used [0x00000000f3200000,0x00000000f62b0000,0x00000000f9900000)
  to   space 105472K, 0% used [0x00000000f9900000,0x00000000f9900000,0x0000000100000000)
 ParOldGen       total 311808K, used 309754K [0x00000000c6000000, 0x00000000d9080000, 0x00000000ecb00000)
  object space 311808K, 99% used [0x00000000c6000000,0x00000000d8e7e8a0,0x00000000d9080000)
 Metaspace       used 21110K, capacity 21444K, committed 21632K, reserved 1069056K
  class space    used 2494K, capacity 2584K, committed 2688K, reserved 1048576K
}
Event: 29,854 GC heap before
{Heap before GC invocations=16 (full 5):
 PSYoungGen      total 210944K, used 49856K [0x00000000ecb00000, 0x0000000100000000, 0x0000000100000000)
  eden space 105472K, 0% used [0x00000000ecb00000,0x00000000ecb00000,0x00000000f3200000)
  from space 105472K, 47% used [0x00000000f3200000,0x00000000f62b0000,0x00000000f9900000)
  to   space 105472K, 0% used [0x00000000f9900000,0x00000000f9900000,0x0000000100000000)
 ParOldGen       total 311808K, used 309754K [0x00000000c6000000, 0x00000000d9080000, 0x00000000ecb00000)
  object space 311808K, 99% used [0x00000000c6000000,0x00000000d8e7e8a0,0x00000000d9080000)
 Metaspace       used 21110K, capacity 21444K, committed 21632K, reserved 1069056K
  class space    used 2494K, capacity 2584K, committed 2688K, reserved 1048576K
Event: 32,139 GC heap after
Heap after GC invocations=16 (full 5):
 PSYoungGen      total 210944K, used 34947K [0x00000000ecb00000, 0x0000000100000000, 0x0000000100000000)
  eden space 105472K, 0% used [0x00000000ecb00000,0x00000000ecb00000,0x00000000f3200000)
  from space 105472K, 33% used [0x00000000f3200000,0x00000000f5420ea8,0x00000000f9900000)
  to   space 105472K, 0% used [0x00000000f9900000,0x00000000f9900000,0x0000000100000000)
 ParOldGen       total 459264K, used 311620K [0x00000000c6000000, 0x00000000e2080000, 0x00000000ecb00000)
  object space 459264K, 67% used [0x00000000c6000000,0x00000000d9051328,0x00000000e2080000)
 Metaspace       used 21110K, capacity 21444K, committed 21632K, reserved 1069056K
  class space    used 2494K, capacity 2584K, committed 2688K, reserved 1048576K
}
Event: 32,802 GC heap before
{Heap before GC invocations=17 (full 5):
 PSYoungGen      total 210944K, used 139215K [0x00000000ecb00000, 0x0000000100000000, 0x0000000100000000)
  eden space 105472K, 98% used [0x00000000ecb00000,0x00000000f30d2ee8,0x00000000f3200000)
  from space 105472K, 33% used [0x00000000f3200000,0x00000000f5420ea8,0x00000000f9900000)
  to   space 105472K, 0% used [0x00000000f9900000,0x00000000f9900000,0x0000000100000000)
 ParOldGen       total 459264K, used 311620K [0x00000000c6000000, 0x00000000e2080000, 0x00000000ecb00000)
  object space 459264K, 67% used [0x00000000c6000000,0x00000000d9051328,0x00000000e2080000)
 Metaspace       used 21110K, capacity 21444K, committed 21632K, reserved 1069056K
  class space    used 2494K, capacity 2584K, committed 2688K, reserved 1048576K
Event: 33,421 GC heap after
Heap after GC invocations=17 (full 5):
 PSYoungGen      total 210944K, used 48736K [0x00000000ecb00000, 0x0000000100000000, 0x0000000100000000)
  eden space 105472K, 0% used [0x00000000ecb00000,0x00000000ecb00000,0x00000000f3200000)
  from space 105472K, 46% used [0x00000000f9900000,0x00000000fc898000,0x0000000100000000)
  to   space 105472K, 0% used [0x00000000f3200000,0x00000000f3200000,0x00000000f9900000)
 ParOldGen       total 459264K, used 346724K [0x00000000c6000000, 0x00000000e2080000, 0x00000000ecb00000)
  object space 459264K, 75% used [0x00000000c6000000,0x00000000db299328,0x00000000e2080000)
 Metaspace       used 21110K, capacity 21444K, committed 21632K, reserved 1069056K
  class space    used 2494K, capacity 2584K, committed 2688K, reserved 1048576K
}
Event: 33,680 GC heap before
{Heap before GC invocations=18 (full 5):
 PSYoungGen      total 210944K, used 154208K [0x00000000ecb00000, 0x0000000100000000, 0x0000000100000000)
  eden space 105472K, 100% used [0x00000000ecb00000,0x00000000f3200000,0x00000000f3200000)
  from space 105472K, 46% used [0x00000000f9900000,0x00000000fc898000,0x0000000100000000)
  to   space 105472K, 0% used [0x00000000f3200000,0x00000000f3200000,0x00000000f9900000)
 ParOldGen       total 459264K, used 346724K [0x00000000c6000000, 0x00000000e2080000, 0x00000000ecb00000)
  object space 459264K, 75% used [0x00000000c6000000,0x00000000db299328,0x00000000e2080000)
 Metaspace       used 21110K, capacity 21444K, committed 21632K, reserved 1069056K
  class space    used 2494K, capacity 2584K, committed 2688K, reserved 1048576K
Event: 34,264 GC heap after
Heap after GC invocations=18 (full 5):
 PSYoungGen      total 210944K, used 76608K [0x00000000ecb00000, 0x0000000100000000, 0x0000000100000000)
  eden space 105472K, 0% used [0x00000000ecb00000,0x00000000ecb00000,0x00000000f3200000)
  from space 105472K, 72% used [0x00000000f3200000,0x00000000f7cd0030,0x00000000f9900000)
  to   space 105472K, 0% used [0x00000000f9900000,0x00000000f9900000,0x0000000100000000)
 ParOldGen       total 459264K, used 395564K [0x00000000c6000000, 0x00000000e2080000, 0x00000000ecb00000)
  object space 459264K, 86% used [0x00000000c6000000,0x00000000de24b328,0x00000000e2080000)
 Metaspace       used 21110K, capacity 21444K, committed 21632K, reserved 1069056K
  class space    used 2494K, capacity 2584K, committed 2688K, reserved 1048576K
}
Event: 34,264 GC heap before
{Heap before GC invocations=19 (full 6):
 PSYoungGen      total 210944K, used 76608K [0x00000000ecb00000, 0x0000000100000000, 0x0000000100000000)
  eden space 105472K, 0% used [0x00000000ecb00000,0x00000000ecb00000,0x00000000f3200000)
  from space 105472K, 72% used [0x00000000f3200000,0x00000000f7cd0030,0x00000000f9900000)
  to   space 105472K, 0% used [0x00000000f9900000,0x00000000f9900000,0x0000000100000000)
 ParOldGen       total 459264K, used 395564K [0x00000000c6000000, 0x00000000e2080000, 0x00000000ecb00000)
  object space 459264K, 86% used [0x00000000c6000000,0x00000000de24b328,0x00000000e2080000)
 Metaspace       used 21110K, capacity 21444K, committed 21632K, reserved 1069056K
  class space    used 2494K, capacity 2584K, committed 2688K, reserved 1048576K

